c:\users\james\appdata\local\temp\irmagent.log
c:\users\james\documents\code\c\csci4125\assignment1\assignment1\debug\assignment1.tlog\icl-intelremotemonserver-intelremotemonagent-intelremotemonagent2.read.1.tlog
c:\users\james\documents\code\c\csci4125\assignment1\assignment1\debug\lifegame_mpi.obj
c:\users\james\documents\code\c\csci4125\assignment1\assignment1\debug\vc120.pdb
c:\users\james\documents\code\c\csci4125\assignment1\assignment1\debug\gameoflife.obj
c:\users\james\documents\code\c\csci4125\assignment1\debug\assignment1.ilk
c:\users\james\documents\code\c\csci4125\assignment1\debug\assignment1.exe
c:\users\james\documents\code\c\csci4125\assignment1\assignment1\debug\assignment1.exe.intermediate.manifest
c:\users\james\documents\code\c\csci4125\assignment1\debug\assignment1.pdb
c:\users\james\documents\code\c\csci4125\assignment1\assignment1\debug\assignment1.tlog\icl-intelremotemonserver-intelremotemonagent-intelremotemonagent2.write.1.tlog
c:\users\james\documents\code\c\csci4125\assignment1\assignment1\debug\assignment1.tlog\icl-intelremotemonserver-intelremotemonagent.read.1.tlog
c:\users\james\documents\code\c\csci4125\assignment1\assignment1\debug\assignment1.tlog\icl-intelremotemonserver-intelremotemonagent.read.2.tlog
c:\users\james\documents\code\c\csci4125\assignment1\assignment1\debug\assignment1.tlog\icl-intelremotemonserver-intelremotemonagent.write.2.tlog
c:\users\james\documents\code\c\csci4125\assignment1\assignment1\debug\assignment1.tlog\icl-intelremotemonserver.read.1.tlog
c:\users\james\documents\code\c\csci4125\assignment1\assignment1\debug\assignment1.tlog\icl-intelremotemonserver.read.2.tlog
c:\users\james\documents\code\c\csci4125\assignment1\assignment1\debug\assignment1.tlog\icl-intelremotemonserver.read.4.tlog
c:\users\james\documents\code\c\csci4125\assignment1\assignment1\debug\assignment1.tlog\icl-intelremotemonserver.read.5.tlog
c:\users\james\documents\code\c\csci4125\assignment1\assignment1\debug\assignment1.tlog\icl-intelremotemonserver.write.2.tlog
c:\users\james\documents\code\c\csci4125\assignment1\assignment1\debug\assignment1.tlog\icl-intelremotemonserver.write.4.tlog
c:\users\james\documents\code\c\csci4125\assignment1\assignment1\debug\assignment1.tlog\icl-intelremotemonserver.write.5.tlog
c:\users\james\documents\code\c\csci4125\assignment1\assignment1\debug\assignment1.tlog\icl-mcpcom.read.1.tlog
c:\users\james\documents\code\c\csci4125\assignment1\assignment1\debug\assignment1.tlog\icl-mcpcom.write.1.tlog
c:\users\james\documents\code\c\csci4125\assignment1\assignment1\debug\assignment1.tlog\icl.command.1.tlog
c:\users\james\documents\code\c\csci4125\assignment1\assignment1\debug\assignment1.tlog\icl.read.1.tlog
c:\users\james\documents\code\c\csci4125\assignment1\assignment1\debug\assignment1.tlog\icl.write.1.tlog
c:\users\james\documents\code\c\csci4125\assignment1\assignment1\debug\assignment1.tlog\xilink-link.2060.read.1.tlog
c:\users\james\documents\code\c\csci4125\assignment1\assignment1\debug\assignment1.tlog\xilink-link.2060.write.1.tlog
c:\users\james\documents\code\c\csci4125\assignment1\assignment1\debug\assignment1.tlog\xilink-link.3044.read.1.tlog
c:\users\james\documents\code\c\csci4125\assignment1\assignment1\debug\assignment1.tlog\xilink-link.3044.write.1.tlog
c:\users\james\documents\code\c\csci4125\assignment1\assignment1\debug\assignment1.tlog\xilink-link.3492.read.1.tlog
c:\users\james\documents\code\c\csci4125\assignment1\assignment1\debug\assignment1.tlog\xilink-link.3492.write.1.tlog
c:\users\james\documents\code\c\csci4125\assignment1\assignment1\debug\assignment1.tlog\xilink-link.4652.read.1.tlog
c:\users\james\documents\code\c\csci4125\assignment1\assignment1\debug\assignment1.tlog\xilink-link.4652.write.1.tlog
c:\users\james\documents\code\c\csci4125\assignment1\assignment1\debug\assignment1.tlog\xilink-link.668.read.1.tlog
c:\users\james\documents\code\c\csci4125\assignment1\assignment1\debug\assignment1.tlog\xilink-link.668.write.1.tlog
c:\users\james\documents\code\c\csci4125\assignment1\assignment1\debug\assignment1.tlog\xilink-link.read.1.tlog
c:\users\james\documents\code\c\csci4125\assignment1\assignment1\debug\assignment1.tlog\xilink-link.write.1.tlog
c:\users\james\documents\code\c\csci4125\assignment1\assignment1\debug\assignment1.tlog\xilink-mcpcom.read.1.tlog
c:\users\james\documents\code\c\csci4125\assignment1\assignment1\debug\assignment1.tlog\xilink-mcpcom.write.1.tlog
c:\users\james\documents\code\c\csci4125\assignment1\assignment1\debug\assignment1.tlog\xilink.command.1.tlog
c:\users\james\documents\code\c\csci4125\assignment1\assignment1\debug\assignment1.tlog\xilink.read.1.tlog
c:\users\james\documents\code\c\csci4125\assignment1\assignment1\debug\assignment1.tlog\xilink.write.1.tlog
