Build started 2014-01-29 11:35:43 AM.
     1>Project "C:\Users\James\Documents\code\c\csci4125\Assignment1\Assignment1\Assignment1.vcxproj" on node 2 (Rebuild target(s)).
     1>ClCompile:
         C:\Program Files (x86)\Intel\Composer XE 2013 SP1\bin\ia32\icl.exe /c /Qvc12 /Qlocation,link,"C:\Program Files (x86)\Microsoft Visual Studio 12.0\VC\bin" /ZI /nologo /W3 /Od /Qftz- /D __INTEL_COMPILER=1400 /D CODE_ANALYSIS /D WIN32 /D _DEBUG /D _CONSOLE /D _LIB /D _UNICODE /D UNICODE /EHsc /RTC1 /MDd /GS /Zc:wchar_t /Zc:forScope /Fo"Debug\\" /Fd"Debug\vc120.pdb" /Gd /TC lifeGame.c lifeGame_MPI.c temp.c   /analyze:quiet
     1>icl : warning #10006: ignoring unknown option '/analyze:quiet'
         lifeGame.c
         lifeGame_MPI.c
     1>C:\Program Files (x86)\Microsoft Visual Studio 12.0\VC\include\cmath(23): error : identifier "using" is undefined
           using _CSTD abs; using _CSTD acos; using _CSTD asin;
           ^
         
     1>C:\Program Files (x86)\Microsoft Visual Studio 12.0\VC\include\cmath(23): error : declaration is incompatible with "int __cdecl abs(int)" (declared at line 384 of "C:\Program Files (x86)\Microsoft Visual Studio 12.0\VC\include\stdlib.h")
           using _CSTD abs; using _CSTD acos; using _CSTD asin;
                       ^
         
     1>C:\Program Files (x86)\Microsoft Visual Studio 12.0\VC\include\cmath(23): error : identifier "using" is undefined
           using _CSTD abs; using _CSTD acos; using _CSTD asin;
                            ^
         
     1>C:\Program Files (x86)\Microsoft Visual Studio 12.0\VC\include\cmath(23): error : declaration is incompatible with "double __cdecl acos(double)" (declared at line 474 of "C:\Program Files (x86)\Microsoft Visual Studio 12.0\VC\include\math.h")
           using _CSTD abs; using _CSTD acos; using _CSTD asin;
                                        ^
         
     1>C:\Program Files (x86)\Microsoft Visual Studio 12.0\VC\include\cmath(23): error : identifier "using" is undefined
           using _CSTD abs; using _CSTD acos; using _CSTD asin;
                                              ^
         
     1>C:\Program Files (x86)\Microsoft Visual Studio 12.0\VC\include\cmath(23): error : declaration is incompatible with "double __cdecl asin(double)" (declared at line 476 of "C:\Program Files (x86)\Microsoft Visual Studio 12.0\VC\include\math.h")
           using _CSTD abs; using _CSTD acos; using _CSTD asin;
                                                          ^
         
     1>C:\Program Files (x86)\Microsoft Visual Studio 12.0\VC\include\cmath(24): error : identifier "using" is undefined
           using _CSTD atan; using _CSTD atan2; using _CSTD ceil;
           ^
         
     1>C:\Program Files (x86)\Microsoft Visual Studio 12.0\VC\include\cmath(24): error : declaration is incompatible with "double __cdecl atan(double)" (declared at line 478 of "C:\Program Files (x86)\Microsoft Visual Studio 12.0\VC\include\math.h")
           using _CSTD atan; using _CSTD atan2; using _CSTD ceil;
                       ^
         
     1>C:\Program Files (x86)\Microsoft Visual Studio 12.0\VC\include\cmath(24): error : identifier "using" is undefined
           using _CSTD atan; using _CSTD atan2; using _CSTD ceil;
                             ^
         
     1>C:\Program Files (x86)\Microsoft Visual Studio 12.0\VC\include\cmath(24): error : declaration is incompatible with "double __cdecl atan2(double, double)" (declared at line 480 of "C:\Program Files (x86)\Microsoft Visual Studio 12.0\VC\include\math.h")
           using _CSTD atan; using _CSTD atan2; using _CSTD ceil;
                                         ^
         
     1>C:\Program Files (x86)\Microsoft Visual Studio 12.0\VC\include\cmath(24): error : identifier "using" is undefined
           using _CSTD atan; using _CSTD atan2; using _CSTD ceil;
                                                ^
         
     1>C:\Program Files (x86)\Microsoft Visual Studio 12.0\VC\include\cmath(24): error : declaration is incompatible with "double __cdecl ceil(double)" (declared at line 531 of "C:\Program Files (x86)\Microsoft Visual Studio 12.0\VC\include\math.h")
           using _CSTD atan; using _CSTD atan2; using _CSTD ceil;
                                                            ^
         
     1>C:\Program Files (x86)\Microsoft Visual Studio 12.0\VC\include\cmath(25): error : identifier "using" is undefined
           using _CSTD cos; using _CSTD cosh; using _CSTD exp;
           ^
         
     1>C:\Program Files (x86)\Microsoft Visual Studio 12.0\VC\include\cmath(25): error : declaration is incompatible with "double __cdecl cos(double)" (declared at line 484 of "C:\Program Files (x86)\Microsoft Visual Studio 12.0\VC\include\math.h")
           using _CSTD cos; using _CSTD cosh; using _CSTD exp;
                       ^
         
     1>C:\Program Files (x86)\Microsoft Visual Studio 12.0\VC\include\cmath(25): error : identifier "using" is undefined
           using _CSTD cos; using _CSTD cosh; using _CSTD exp;
                            ^
         
     1>C:\Program Files (x86)\Microsoft Visual Studio 12.0\VC\include\cmath(25): error : declaration is incompatible with "double __cdecl cosh(double)" (declared at line 485 of "C:\Program Files (x86)\Microsoft Visual Studio 12.0\VC\include\math.h")
           using _CSTD cos; using _CSTD cosh; using _CSTD exp;
                                        ^
         
     1>C:\Program Files (x86)\Microsoft Visual Studio 12.0\VC\include\cmath(25): error : identifier "using" is undefined
           using _CSTD cos; using _CSTD cosh; using _CSTD exp;
                                              ^
         
     1>C:\Program Files (x86)\Microsoft Visual Studio 12.0\VC\include\cmath(25): error : declaration is incompatible with "double __cdecl exp(double)" (declared at line 488 of "C:\Program Files (x86)\Microsoft Visual Studio 12.0\VC\include\math.h")
           using _CSTD cos; using _CSTD cosh; using _CSTD exp;
                                                          ^
         
     1>C:\Program Files (x86)\Microsoft Visual Studio 12.0\VC\include\cmath(26): error : identifier "using" is undefined
           using _CSTD fabs; using _CSTD floor; using _CSTD fmod;
           ^
         
     1>C:\Program Files (x86)\Microsoft Visual Studio 12.0\VC\include\cmath(26): error : declaration is incompatible with "double __cdecl fabs(double)" (declared at line 491 of "C:\Program Files (x86)\Microsoft Visual Studio 12.0\VC\include\math.h")
           using _CSTD fabs; using _CSTD floor; using _CSTD fmod;
                       ^
         
     1>C:\Program Files (x86)\Microsoft Visual Studio 12.0\VC\include\cmath(26): error : identifier "using" is undefined
           using _CSTD fabs; using _CSTD floor; using _CSTD fmod;
                             ^
         
     1>C:\Program Files (x86)\Microsoft Visual Studio 12.0\VC\include\cmath(26): error : declaration is incompatible with "double __cdecl floor(double)" (declared at line 536 of "C:\Program Files (x86)\Microsoft Visual Studio 12.0\VC\include\math.h")
           using _CSTD fabs; using _CSTD floor; using _CSTD fmod;
                                         ^
         
     1>C:\Program Files (x86)\Microsoft Visual Studio 12.0\VC\include\cmath(26): error : identifier "using" is undefined
           using _CSTD fabs; using _CSTD floor; using _CSTD fmod;
                                                ^
         
     1>C:\Program Files (x86)\Microsoft Visual Studio 12.0\VC\include\cmath(26): error : declaration is incompatible with "double __cdecl fmod(double, double)" (declared at line 496 of "C:\Program Files (x86)\Microsoft Visual Studio 12.0\VC\include\math.h")
           using _CSTD fabs; using _CSTD floor; using _CSTD fmod;
                                                            ^
         
     1>C:\Program Files (x86)\Microsoft Visual Studio 12.0\VC\include\cmath(27): error : identifier "using" is undefined
           using _CSTD frexp; using _CSTD ldexp; using _CSTD log;
           ^
         
     1>C:\Program Files (x86)\Microsoft Visual Studio 12.0\VC\include\cmath(27): error : declaration is incompatible with "double __cdecl frexp(double, int *)" (declared at line 537 of "C:\Program Files (x86)\Microsoft Visual Studio 12.0\VC\include\math.h")
           using _CSTD frexp; using _CSTD ldexp; using _CSTD log;
                       ^
         
     1>C:\Program Files (x86)\Microsoft Visual Studio 12.0\VC\include\cmath(27): error : identifier "using" is undefined
           using _CSTD frexp; using _CSTD ldexp; using _CSTD log;
                              ^
         
     1>C:\Program Files (x86)\Microsoft Visual Studio 12.0\VC\include\cmath(27): error : declaration is incompatible with "double __cdecl ldexp(double, int)" (declared at line 542 of "C:\Program Files (x86)\Microsoft Visual Studio 12.0\VC\include\math.h")
           using _CSTD frexp; using _CSTD ldexp; using _CSTD log;
                                          ^
         
     1>C:\Program Files (x86)\Microsoft Visual Studio 12.0\VC\include\cmath(27): error : identifier "using" is undefined
           using _CSTD frexp; using _CSTD ldexp; using _CSTD log;
                                                 ^
         
     1>C:\Program Files (x86)\Microsoft Visual Studio 12.0\VC\include\cmath(27): error : declaration is incompatible with "double __cdecl log(double)" (declared at line 501 of "C:\Program Files (x86)\Microsoft Visual Studio 12.0\VC\include\math.h")
           using _CSTD frexp; using _CSTD ldexp; using _CSTD log;
                                                             ^
         
     1>C:\Program Files (x86)\Microsoft Visual Studio 12.0\VC\include\cmath(28): error : identifier "using" is undefined
           using _CSTD log10; using _CSTD modf; using _CSTD pow;
           ^
         
     1>C:\Program Files (x86)\Microsoft Visual Studio 12.0\VC\include\cmath(28): error : declaration is incompatible with "double __cdecl log10(double)" (declared at line 502 of "C:\Program Files (x86)\Microsoft Visual Studio 12.0\VC\include\math.h")
           using _CSTD log10; using _CSTD modf; using _CSTD pow;
                       ^
         
     1>C:\Program Files (x86)\Microsoft Visual Studio 12.0\VC\include\cmath(28): error : identifier "using" is undefined
           using _CSTD log10; using _CSTD modf; using _CSTD pow;
                              ^
         
     1>C:\Program Files (x86)\Microsoft Visual Studio 12.0\VC\include\cmath(28): error : declaration is incompatible with "double __cdecl modf(double, double *)" (declared at line 550 of "C:\Program Files (x86)\Microsoft Visual Studio 12.0\VC\include\math.h")
           using _CSTD log10; using _CSTD modf; using _CSTD pow;
                                          ^
         
     1>C:\Program Files (x86)\Microsoft Visual Studio 12.0\VC\include\cmath(28): error : identifier "using" is undefined
           using _CSTD log10; using _CSTD modf; using _CSTD pow;
                                                ^
         
     1>C:\Program Files (x86)\Microsoft Visual Studio 12.0\VC\include\cmath(28): error : declaration is incompatible with "double __cdecl pow(double, double)" (declared at line 512 of "C:\Program Files (x86)\Microsoft Visual Studio 12.0\VC\include\math.h")
           using _CSTD log10; using _CSTD modf; using _CSTD pow;
                                                            ^
         
     1>C:\Program Files (x86)\Microsoft Visual Studio 12.0\VC\include\cmath(29): error : identifier "using" is undefined
           using _CSTD sin; using _CSTD sinh; using _CSTD sqrt;
           ^
         
     1>C:\Program Files (x86)\Microsoft Visual Studio 12.0\VC\include\cmath(29): error : declaration is incompatible with "double __cdecl sin(double)" (declared at line 519 of "C:\Program Files (x86)\Microsoft Visual Studio 12.0\VC\include\math.h")
           using _CSTD sin; using _CSTD sinh; using _CSTD sqrt;
                       ^
         
     1>C:\Program Files (x86)\Microsoft Visual Studio 12.0\VC\include\cmath(29): error : identifier "using" is undefined
           using _CSTD sin; using _CSTD sinh; using _CSTD sqrt;
                            ^
         
     1>C:\Program Files (x86)\Microsoft Visual Studio 12.0\VC\include\cmath(29): error : declaration is incompatible with "double __cdecl sinh(double)" (declared at line 520 of "C:\Program Files (x86)\Microsoft Visual Studio 12.0\VC\include\math.h")
           using _CSTD sin; using _CSTD sinh; using _CSTD sqrt;
                                        ^
         
     1>C:\Program Files (x86)\Microsoft Visual Studio 12.0\VC\include\cmath(29): error : identifier "using" is undefined
           using _CSTD sin; using _CSTD sinh; using _CSTD sqrt;
                                              ^
         
     1>C:\Program Files (x86)\Microsoft Visual Studio 12.0\VC\include\cmath(29): error : declaration is incompatible with "double __cdecl sqrt(double)" (declared at line 521 of "C:\Program Files (x86)\Microsoft Visual Studio 12.0\VC\include\math.h")
           using _CSTD sin; using _CSTD sinh; using _CSTD sqrt;
                                                          ^
         
     1>C:\Program Files (x86)\Microsoft Visual Studio 12.0\VC\include\cmath(30): error : identifier "using" is undefined
           using _CSTD tan; using _CSTD tanh;
           ^
         
     1>C:\Program Files (x86)\Microsoft Visual Studio 12.0\VC\include\cmath(30): error : declaration is incompatible with "double __cdecl tan(double)" (declared at line 522 of "C:\Program Files (x86)\Microsoft Visual Studio 12.0\VC\include\math.h")
           using _CSTD tan; using _CSTD tanh;
                       ^
         
     1>C:\Program Files (x86)\Microsoft Visual Studio 12.0\VC\include\cmath(30): error : identifier "using" is undefined
           using _CSTD tan; using _CSTD tanh;
                            ^
         
     1>C:\Program Files (x86)\Microsoft Visual Studio 12.0\VC\include\cmath(30): error : declaration is incompatible with "double __cdecl tanh(double)" (declared at line 523 of "C:\Program Files (x86)\Microsoft Visual Studio 12.0\VC\include\math.h")
           using _CSTD tan; using _CSTD tanh;
                                        ^
         
     1>C:\Program Files (x86)\Microsoft Visual Studio 12.0\VC\include\cmath(32): error : identifier "using" is undefined
           using _CSTD acosf; using _CSTD asinf;
           ^
         
     1>C:\Program Files (x86)\Microsoft Visual Studio 12.0\VC\include\cmath(32): error : declaration is incompatible with "float __cdecl acosf(float)" (declared at line 637 of "C:\Program Files (x86)\Microsoft Visual Studio 12.0\VC\include\math.h")
           using _CSTD acosf; using _CSTD asinf;
                       ^
         
     1>C:\Program Files (x86)\Microsoft Visual Studio 12.0\VC\include\cmath(32): error : identifier "using" is undefined
           using _CSTD acosf; using _CSTD asinf;
                              ^
         
     1>C:\Program Files (x86)\Microsoft Visual Studio 12.0\VC\include\cmath(32): error : declaration is incompatible with "float __cdecl asinf(float)" (declared at line 642 of "C:\Program Files (x86)\Microsoft Visual Studio 12.0\VC\include\math.h")
           using _CSTD acosf; using _CSTD asinf;
                                          ^
         
     1>C:\Program Files (x86)\Microsoft Visual Studio 12.0\VC\include\cmath(33): error : identifier "using" is undefined
           using _CSTD atanf; using _CSTD atan2f; using _CSTD ceilf;
           ^
         
     1>C:\Program Files (x86)\Microsoft Visual Studio 12.0\VC\include\cmath(33): error : declaration is incompatible with "float __cdecl atanf(float)" (declared at line 652 of "C:\Program Files (x86)\Microsoft Visual Studio 12.0\VC\include\math.h")
           using _CSTD atanf; using _CSTD atan2f; using _CSTD ceilf;
                       ^
         
     1>C:\Program Files (x86)\Microsoft Visual Studio 12.0\VC\include\cmath(33): error : identifier "using" is undefined
           using _CSTD atanf; using _CSTD atan2f; using _CSTD ceilf;
                              ^
         
     1>C:\Program Files (x86)\Microsoft Visual Studio 12.0\VC\include\cmath(33): error : declaration is incompatible with "float __cdecl atan2f(float, float)" (declared at line 647 of "C:\Program Files (x86)\Microsoft Visual Studio 12.0\VC\include\math.h")
           using _CSTD atanf; using _CSTD atan2f; using _CSTD ceilf;
                                          ^
         
     1>C:\Program Files (x86)\Microsoft Visual Studio 12.0\VC\include\cmath(33): error : identifier "using" is undefined
           using _CSTD atanf; using _CSTD atan2f; using _CSTD ceilf;
                                                  ^
         
     1>C:\Program Files (x86)\Microsoft Visual Studio 12.0\VC\include\cmath(33): error : declaration is incompatible with "float __cdecl ceilf(float)" (declared at line 657 of "C:\Program Files (x86)\Microsoft Visual Studio 12.0\VC\include\math.h")
           using _CSTD atanf; using _CSTD atan2f; using _CSTD ceilf;
                                                              ^
         
     1>C:\Program Files (x86)\Microsoft Visual Studio 12.0\VC\include\cmath(34): error : identifier "using" is undefined
           using _CSTD cosf; using _CSTD coshf; using _CSTD expf;
           ^
         
     1>C:\Program Files (x86)\Microsoft Visual Studio 12.0\VC\include\cmath(34): error : declaration is incompatible with "float __cdecl cosf(float)" (declared at line 662 of "C:\Program Files (x86)\Microsoft Visual Studio 12.0\VC\include\math.h")
           using _CSTD cosf; using _CSTD coshf; using _CSTD expf;
                       ^
         
     1>C:\Program Files (x86)\Microsoft Visual Studio 12.0\VC\include\cmath(34): error : identifier "using" is undefined
           using _CSTD cosf; using _CSTD coshf; using _CSTD expf;
                             ^
         
     1>C:\Program Files (x86)\Microsoft Visual Studio 12.0\VC\include\cmath(34): error : declaration is incompatible with "float __cdecl coshf(float)" (declared at line 667 of "C:\Program Files (x86)\Microsoft Visual Studio 12.0\VC\include\math.h")
           using _CSTD cosf; using _CSTD coshf; using _CSTD expf;
                                         ^
         
     1>C:\Program Files (x86)\Microsoft Visual Studio 12.0\VC\include\cmath(34): error : identifier "using" is undefined
           using _CSTD cosf; using _CSTD coshf; using _CSTD expf;
                                                ^
         
     1>C:\Program Files (x86)\Microsoft Visual Studio 12.0\VC\include\cmath(34): error : declaration is incompatible with "float __cdecl expf(float)" (declared at line 672 of "C:\Program Files (x86)\Microsoft Visual Studio 12.0\VC\include\math.h")
           using _CSTD cosf; using _CSTD coshf; using _CSTD expf;
                                                            ^
         
     1>C:\Program Files (x86)\Microsoft Visual Studio 12.0\VC\include\cmath(35): error : identifier "using" is undefined
           using _CSTD fabsf; using _CSTD floorf; using _CSTD fmodf;
           ^
         
     1>C:\Program Files (x86)\Microsoft Visual Studio 12.0\VC\include\cmath(35): error : declaration is incompatible with "float __cdecl fabsf(float)" (declared at line 685 of "C:\Program Files (x86)\Microsoft Visual Studio 12.0\VC\include\math.h")
           using _CSTD fabsf; using _CSTD floorf; using _CSTD fmodf;
                       ^
         
     1>C:\Program Files (x86)\Microsoft Visual Studio 12.0\VC\include\cmath(35): error : identifier "using" is undefined
           using _CSTD fabsf; using _CSTD floorf; using _CSTD fmodf;
                              ^
         
     1>C:\Program Files (x86)\Microsoft Visual Studio 12.0\VC\include\cmath(35): error : declaration is incompatible with "float __cdecl floorf(float)" (declared at line 699 of "C:\Program Files (x86)\Microsoft Visual Studio 12.0\VC\include\math.h")
           using _CSTD fabsf; using _CSTD floorf; using _CSTD fmodf;
                                          ^
         
     1>C:\Program Files (x86)\Microsoft Visual Studio 12.0\VC\include\cmath(35): error : identifier "using" is undefined
           using _CSTD fabsf; using _CSTD floorf; using _CSTD fmodf;
                                                  ^
         
     1>C:\Program Files (x86)\Microsoft Visual Studio 12.0\VC\include\cmath(35): error : declaration is incompatible with "float __cdecl fmodf(float, float)" (declared at line 704 of "C:\Program Files (x86)\Microsoft Visual Studio 12.0\VC\include\math.h")
           using _CSTD fabsf; using _CSTD floorf; using _CSTD fmodf;
                                                              ^
         
     1>C:\Program Files (x86)\Microsoft Visual Studio 12.0\VC\include\cmath(36): error : identifier "using" is undefined
           using _CSTD frexpf; using _CSTD ldexpf; using _CSTD logf;
           ^
         
     1>C:\Program Files (x86)\Microsoft Visual Studio 12.0\VC\include\cmath(36): error : declaration is incompatible with "float __cdecl frexpf(float, int *)" (declared at line 711 of "C:\Program Files (x86)\Microsoft Visual Studio 12.0\VC\include\math.h")
           using _CSTD frexpf; using _CSTD ldexpf; using _CSTD logf;
                       ^
         
     1>C:\Program Files (x86)\Microsoft Visual Studio 12.0\VC\include\cmath(36): error : identifier "using" is undefined
           using _CSTD frexpf; using _CSTD ldexpf; using _CSTD logf;
                               ^
         
     1>C:\Program Files (x86)\Microsoft Visual Studio 12.0\VC\include\cmath(36): error : declaration is incompatible with "float __cdecl ldexpf(float, int)" (declared at line 721 of "C:\Program Files (x86)\Microsoft Visual Studio 12.0\VC\include\math.h")
           using _CSTD frexpf; using _CSTD ldexpf; using _CSTD logf;
                                           ^
         
     1>C:\Program Files (x86)\Microsoft Visual Studio 12.0\VC\include\cmath(36): error : identifier "using" is undefined
           using _CSTD frexpf; using _CSTD ldexpf; using _CSTD logf;
                                                   ^
         
     1>C:\Program Files (x86)\Microsoft Visual Studio 12.0\VC\include\cmath(36): error : declaration is incompatible with "float __cdecl logf(float)" (declared at line 745 of "C:\Program Files (x86)\Microsoft Visual Studio 12.0\VC\include\math.h")
           using _CSTD frexpf; using _CSTD ldexpf; using _CSTD logf;
                                                               ^
         
     1>C:\Program Files (x86)\Microsoft Visual Studio 12.0\VC\include\cmath(37): error : identifier "using" is undefined
           using _CSTD log10f; using _CSTD modff; using _CSTD powf;
           ^
         
     1>C:\Program Files (x86)\Microsoft Visual Studio 12.0\VC\include\cmath(37): error : declaration is incompatible with "float __cdecl log10f(float)" (declared at line 740 of "C:\Program Files (x86)\Microsoft Visual Studio 12.0\VC\include\math.h")
           using _CSTD log10f; using _CSTD modff; using _CSTD powf;
                       ^
         
     1>C:\Program Files (x86)\Microsoft Visual Studio 12.0\VC\include\cmath(37): error : identifier "using" is undefined
           using _CSTD log10f; using _CSTD modff; using _CSTD powf;
                               ^
         
     1>C:\Program Files (x86)\Microsoft Visual Studio 12.0\VC\include\cmath(37): error : declaration is incompatible with "float __cdecl modff(float, float *)" (declared at line 750 of "C:\Program Files (x86)\Microsoft Visual Studio 12.0\VC\include\math.h")
           using _CSTD log10f; using _CSTD modff; using _CSTD powf;
                                           ^
         
     1>C:\Program Files (x86)\Microsoft Visual Studio 12.0\VC\include\cmath(37): error : identifier "using" is undefined
           using _CSTD log10f; using _CSTD modff; using _CSTD powf;
                                                  ^
         
     1>C:\Program Files (x86)\Microsoft Visual Studio 12.0\VC\include\cmath(37): error : declaration is incompatible with "float __cdecl powf(float, float)" (declared at line 758 of "C:\Program Files (x86)\Microsoft Visual Studio 12.0\VC\include\math.h")
           using _CSTD log10f; using _CSTD modff; using _CSTD powf;
                                                              ^
         
     1>C:\Program Files (x86)\Microsoft Visual Studio 12.0\VC\include\cmath(38): error : identifier "using" is undefined
           using _CSTD sinf; using _CSTD sinhf; using _CSTD sqrtf;
           ^
         
     1>C:\Program Files (x86)\Microsoft Visual Studio 12.0\VC\include\cmath(38): error : declaration is incompatible with "float __cdecl sinf(float)" (declared at line 763 of "C:\Program Files (x86)\Microsoft Visual Studio 12.0\VC\include\math.h")
           using _CSTD sinf; using _CSTD sinhf; using _CSTD sqrtf;
                       ^
         
     1>C:\Program Files (x86)\Microsoft Visual Studio 12.0\VC\include\cmath(38): error : identifier "using" is undefined
           using _CSTD sinf; using _CSTD sinhf; using _CSTD sqrtf;
                             ^
         
     1>C:\Program Files (x86)\Microsoft Visual Studio 12.0\VC\include\cmath(38): error : declaration is incompatible with "float __cdecl sinhf(float)" (declared at line 768 of "C:\Program Files (x86)\Microsoft Visual Studio 12.0\VC\include\math.h")
           using _CSTD sinf; using _CSTD sinhf; using _CSTD sqrtf;
                                         ^
         
     1>C:\Program Files (x86)\Microsoft Visual Studio 12.0\VC\include\cmath(38): error : identifier "using" is undefined
           using _CSTD sinf; using _CSTD sinhf; using _CSTD sqrtf;
                                                ^
         
     1>C:\Program Files (x86)\Microsoft Visual Studio 12.0\VC\include\cmath(38): error : declaration is incompatible with "float __cdecl sqrtf(float)" (declared at line 773 of "C:\Program Files (x86)\Microsoft Visual Studio 12.0\VC\include\math.h")
           using _CSTD sinf; using _CSTD sinhf; using _CSTD sqrtf;
                                                            ^
         
     1>C:\Program Files (x86)\Microsoft Visual Studio 12.0\VC\include\cmath(39): error : identifier "using" is undefined
           using _CSTD tanf; using _CSTD tanhf;
           ^
         
     1>C:\Program Files (x86)\Microsoft Visual Studio 12.0\VC\include\cmath(39): error : declaration is incompatible with "float __cdecl tanf(float)" (declared at line 778 of "C:\Program Files (x86)\Microsoft Visual Studio 12.0\VC\include\math.h")
           using _CSTD tanf; using _CSTD tanhf;
                       ^
         
     1>C:\Program Files (x86)\Microsoft Visual Studio 12.0\VC\include\cmath(39): error : identifier "using" is undefined
           using _CSTD tanf; using _CSTD tanhf;
                             ^
         
     1>C:\Program Files (x86)\Microsoft Visual Studio 12.0\VC\include\cmath(39): error : declaration is incompatible with "float __cdecl tanhf(float)" (declared at line 783 of "C:\Program Files (x86)\Microsoft Visual Studio 12.0\VC\include\math.h")
           using _CSTD tanf; using _CSTD tanhf;
                                         ^
         
     1>C:\Program Files (x86)\Microsoft Visual Studio 12.0\VC\include\cmath(41): error : identifier "using" is undefined
           using _CSTD acosl; using _CSTD asinl;
           ^
         
     1>C:\Program Files (x86)\Microsoft Visual Studio 12.0\VC\include\cmath(41): error : declaration is incompatible with "long double __cdecl acosl(long double)" (declared at line 792 of "C:\Program Files (x86)\Microsoft Visual Studio 12.0\VC\include\math.h")
           using _CSTD acosl; using _CSTD asinl;
                       ^
         
     1>C:\Program Files (x86)\Microsoft Visual Studio 12.0\VC\include\cmath(41): error : identifier "using" is undefined
           using _CSTD acosl; using _CSTD asinl;
                              ^
         
     1>C:\Program Files (x86)\Microsoft Visual Studio 12.0\VC\include\cmath(41): error : declaration is incompatible with "long double __cdecl asinl(long double)" (declared at line 799 of "C:\Program Files (x86)\Microsoft Visual Studio 12.0\VC\include\math.h")
           using _CSTD acosl; using _CSTD asinl;
                                          ^
         
     1>C:\Program Files (x86)\Microsoft Visual Studio 12.0\VC\include\cmath(42): error : identifier "using" is undefined
           using _CSTD atanl; using _CSTD atan2l; using _CSTD ceill;
           ^
         
     1>C:\Program Files (x86)\Microsoft Visual Studio 12.0\VC\include\cmath(42): error : declaration is incompatible with "long double __cdecl atanl(long double)" (declared at line 811 of "C:\Program Files (x86)\Microsoft Visual Studio 12.0\VC\include\math.h")
           using _CSTD atanl; using _CSTD atan2l; using _CSTD ceill;
                       ^
         
     1>C:\Program Files (x86)\Microsoft Visual Studio 12.0\VC\include\cmath(42): error : identifier "using" is undefined
           using _CSTD atanl; using _CSTD atan2l; using _CSTD ceill;
                              ^
         
     1>C:\Program Files (x86)\Microsoft Visual Studio 12.0\VC\include\cmath(42): error : declaration is incompatible with "long double __cdecl atan2l(long double, long double)" (declared at line 804 of "C:\Program Files (x86)\Microsoft Visual Studio 12.0\VC\include\math.h")
           using _CSTD atanl; using _CSTD atan2l; using _CSTD ceill;
                                          ^
         
     1>C:\Program Files (x86)\Microsoft Visual Studio 12.0\VC\include\cmath(42): error : identifier "using" is undefined
           using _CSTD atanl; using _CSTD atan2l; using _CSTD ceill;
                                                  ^
         
     1>C:\Program Files (x86)\Microsoft Visual Studio 12.0\VC\include\cmath(42): error : declaration is incompatible with "long double __cdecl ceill(long double)" (declared at line 818 of "C:\Program Files (x86)\Microsoft Visual Studio 12.0\VC\include\math.h")
           using _CSTD atanl; using _CSTD atan2l; using _CSTD ceill;
                                                              ^
         
     1>Done Building Project "C:\Users\James\Documents\code\c\csci4125\Assignment1\Assignment1\Assignment1.vcxproj" (Rebuild target(s)) -- FAILED.

Build FAILED.

Time Elapsed 00:00:10.67
