c:\users\james\appdata\local\temp\irmagent.log
c:\users\james\documents\code\school\csci4125\assignment2\assignment2\debug\assignment2.tlog\icl-intelremotemonserver-intelremotemonagent-intelremotemonagent2.read.1.tlog
c:\users\james\documents\code\school\csci4125\assignment2\assignment2\debug\golopenmp.obj
c:\users\james\documents\code\school\csci4125\assignment2\assignment2\debug\vc120.pdb
c:\users\james\documents\code\school\csci4125\assignment2\debug\assignment2.ilk
c:\users\james\documents\code\school\csci4125\assignment2\debug\assignment2.exe
c:\users\james\documents\code\school\csci4125\assignment2\assignment2\debug\assignment2.exe.intermediate.manifest
c:\users\james\documents\code\school\csci4125\assignment2\debug\assignment2.pdb
c:\users\james\documents\code\school\csci4125\assignment2\assignment2\debug\assignment2.tlog\icl-intelremotemonserver-intelremotemonagent-intelremotemonagent2.write.1.tlog
c:\users\james\documents\code\school\csci4125\assignment2\assignment2\debug\assignment2.tlog\icl-intelremotemonserver-intelremotemonagent.read.1.tlog
c:\users\james\documents\code\school\csci4125\assignment2\assignment2\debug\assignment2.tlog\icl-intelremotemonserver-intelremotemonagent.read.2.tlog
c:\users\james\documents\code\school\csci4125\assignment2\assignment2\debug\assignment2.tlog\icl-intelremotemonserver-intelremotemonagent.write.2.tlog
c:\users\james\documents\code\school\csci4125\assignment2\assignment2\debug\assignment2.tlog\icl-intelremotemonserver.read.1.tlog
c:\users\james\documents\code\school\csci4125\assignment2\assignment2\debug\assignment2.tlog\icl-intelremotemonserver.read.2.tlog
c:\users\james\documents\code\school\csci4125\assignment2\assignment2\debug\assignment2.tlog\icl-intelremotemonserver.read.6.tlog
c:\users\james\documents\code\school\csci4125\assignment2\assignment2\debug\assignment2.tlog\icl-intelremotemonserver.write.2.tlog
c:\users\james\documents\code\school\csci4125\assignment2\assignment2\debug\assignment2.tlog\icl-intelremotemonserver.write.6.tlog
c:\users\james\documents\code\school\csci4125\assignment2\assignment2\debug\assignment2.tlog\icl-mcpcom.read.1.tlog
c:\users\james\documents\code\school\csci4125\assignment2\assignment2\debug\assignment2.tlog\icl-mcpcom.write.1.tlog
c:\users\james\documents\code\school\csci4125\assignment2\assignment2\debug\assignment2.tlog\icl.command.1.tlog
c:\users\james\documents\code\school\csci4125\assignment2\assignment2\debug\assignment2.tlog\icl.read.1.tlog
c:\users\james\documents\code\school\csci4125\assignment2\assignment2\debug\assignment2.tlog\icl.write.1.tlog
c:\users\james\documents\code\school\csci4125\assignment2\assignment2\debug\assignment2.tlog\xilink-link.read.1.tlog
c:\users\james\documents\code\school\csci4125\assignment2\assignment2\debug\assignment2.tlog\xilink-link.write.1.tlog
c:\users\james\documents\code\school\csci4125\assignment2\assignment2\debug\assignment2.tlog\xilink-mcpcom.read.1.tlog
c:\users\james\documents\code\school\csci4125\assignment2\assignment2\debug\assignment2.tlog\xilink-mcpcom.write.1.tlog
c:\users\james\documents\code\school\csci4125\assignment2\assignment2\debug\assignment2.tlog\xilink.command.1.tlog
c:\users\james\documents\code\school\csci4125\assignment2\assignment2\debug\assignment2.tlog\xilink.read.1.tlog
c:\users\james\documents\code\school\csci4125\assignment2\assignment2\debug\assignment2.tlog\xilink.write.1.tlog
